\BOOKMARK [0][-]{chapter*.5}{\332vod}{}% 1
\BOOKMARK [0][-]{chapter.1}{Soucasn\375 stav a pou\236it\351 technologie}{}% 2
\BOOKMARK [1][-]{section.1.1}{Hadoop Ekosyst\351m}{chapter.1}% 3
\BOOKMARK [1][-]{section.1.2}{HDFS}{chapter.1}% 4
\BOOKMARK [1][-]{section.1.3}{HBase}{chapter.1}% 5
\BOOKMARK [1][-]{section.1.4}{HyperGraph Partitioning}{chapter.1}% 6
\BOOKMARK [0][-]{chapter.2}{Existuj\355c\355 re\235en\355 optimalizace distribuce dat pro MapReduce}{}% 7
\BOOKMARK [1][-]{section.2.1}{Definice probl\351mu}{chapter.2}% 8
\BOOKMARK [1][-]{section.2.2}{MR-part}{chapter.2}% 9
\BOOKMARK [1][-]{section.2.3}{Testov\341n\355 a v\375sledky}{chapter.2}% 10
\BOOKMARK [0][-]{chapter.3}{N\341vrh re\235en\355 pro HBase}{}% 11
\BOOKMARK [1][-]{section.3.1}{Razen\355 z\341znamu v datab\341zi}{chapter.3}% 12
\BOOKMARK [1][-]{section.3.2}{Splitting HBase regionu}{chapter.3}% 13
\BOOKMARK [1][-]{section.3.3}{Ulo\236en\355 DB v upraven\351 podobe}{chapter.3}% 14
\BOOKMARK [1][-]{section.3.4}{Urcen\355 optim\341ln\355ho poctu segmentu pro del\355c\355 algoritmus}{chapter.3}% 15
\BOOKMARK [1][-]{section.3.5}{program PaToH}{chapter.3}% 16
\BOOKMARK [0][-]{chapter.4}{Implementace re\235en\355}{}% 17
\BOOKMARK [1][-]{section.4.1}{Monitoring}{chapter.4}% 18
\BOOKMARK [1][-]{section.4.2}{Repartitioning}{chapter.4}% 19
\BOOKMARK [0][-]{chapter.5}{Testov\341n\355 a vyhodnocen\355 meren\355}{}% 20
\BOOKMARK [0][-]{chapter*.16}{Z\341ver}{}% 21
\BOOKMARK [0][-]{section*.18}{Literatura}{}% 22
\BOOKMARK [0][-]{appendix.A}{Gener\341tor zku\235ebn\355ch dat}{}% 23
\BOOKMARK [0][-]{appendix.B}{Testovac\355 MapReduce \372lohy}{}% 24
\BOOKMARK [0][-]{appendix.C}{Instalace Hadoop prostred\355}{}% 25
\BOOKMARK [0][-]{appendix.D}{Seznam pou\236it\375ch zkratek}{}% 26
\BOOKMARK [0][-]{appendix.E}{Voliteln\351 parametry programu PaToH}{}% 27
\BOOKMARK [0][-]{appendix.F}{Obsah prilo\236en\351ho CD}{}% 28
